<?xml version="1.0" encoding="UTF-8"?>
<!-- Generated by org.testng.reporters.JUnitXMLReporter -->
<testsuite hostname="LAPTOP-L4O1C8HM" ignored="0" name="FlightCitiesValidation" tests="2" failures="1" timestamp="22 May 2021 17:56:35 GMT" time="9.483" errors="0">
  <testcase name="successfulFlightBooking" time="3.438" classname="test.TestNGBlazeDemo"/>
  <testcase name="validateFlightCities" time="0.0" classname="test.TestNGBlazeDemo">
    <failure type="org.testng.TestNGException" message="
Parameter &amp;apos;secondDestinationCity&amp;apos; is required by @Test on method validateFlightCities but has not been marked @Optional or defined
in C:\CucumberJavaWorkspace\FlightBookingAutomation\testNg.xml">
      <![CDATA[org.testng.TestNGException: 
Parameter 'secondDestinationCity' is required by @Test on method validateFlightCities but has not been marked @Optional or defined
in C:\CucumberJavaWorkspace\FlightBookingAutomation\testNg.xml
... Removed 24 stack frames]]>
    </failure>
  </testcase> <!-- validateFlightCities -->
</testsuite> <!-- FlightCitiesValidation -->
