<?xml version="1.0" encoding="UTF-8"?>
<!-- Generated by org.testng.reporters.JUnitXMLReporter -->
<testsuite hostname="LAPTOP-L4O1C8HM" ignored="0" name="FlightBooking" tests="4" failures="0" timestamp="02 Jun 2021 18:36:14 GMT" time="26.629" errors="0">
  <testcase name="successfulFlightBooking" time="5.048" classname="test.TestNGBlazeDemo"/>
  <testcase name="validateFlightCities" time="1.167" classname="test.TestNGBlazeDemo"/>
  <testcase name="validateCheapFlightName" time="1.255" classname="test.TestNGBlazeDemo"/>
  <testcase name="validateExpensiveFlightName" time="1.337" classname="test.TestNGBlazeDemo"/>
</testsuite> <!-- FlightBooking -->
