<?xml version="1.0" encoding="UTF-8"?>
<testng-results skipped="0" failed="0" ignored="0" total="4" passed="4">
  <reporter-output>
  </reporter-output>
  <suite name="BlazeDemoScenarios" duration-ms="26629" started-at="2021-06-02T18:35:47Z" finished-at="2021-06-02T18:36:14Z">
    <groups>
    </groups>
    <test name="FlightBooking" duration-ms="26629" started-at="2021-06-02T18:35:47Z" finished-at="2021-06-02T18:36:14Z">
      <class name="test.TestNGBlazeDemo">
        <test-method status="PASS" signature="navigateToApplication()[pri:0, instance:test.TestNGBlazeDemo@71318ec4]" name="navigateToApplication" is-config="true" duration-ms="5076" started-at="2021-06-02T18:35:47Z" finished-at="2021-06-02T18:35:52Z">
          <reporter-output>
          </reporter-output>
        </test-method> <!-- navigateToApplication -->
        <test-method status="PASS" signature="successfulFlightBooking(java.lang.String, java.lang.String)[pri:1, instance:test.TestNGBlazeDemo@71318ec4]" name="successfulFlightBooking" duration-ms="5048" started-at="2021-06-02T18:35:52Z" finished-at="2021-06-02T18:35:57Z">
          <params>
            <param index="0">
              <value>
                <![CDATA[Boston]]>
              </value>
            </param>
            <param index="1">
              <value>
                <![CDATA[London]]>
              </value>
            </param>
          </params>
          <reporter-output>
          </reporter-output>
        </test-method> <!-- successfulFlightBooking -->
        <test-method status="PASS" signature="quitDriver()[pri:0, instance:test.TestNGBlazeDemo@71318ec4]" name="quitDriver" is-config="true" duration-ms="708" started-at="2021-06-02T18:35:57Z" finished-at="2021-06-02T18:35:58Z">
          <reporter-output>
          </reporter-output>
        </test-method> <!-- quitDriver -->
        <test-method status="PASS" signature="navigateToApplication()[pri:0, instance:test.TestNGBlazeDemo@71318ec4]" name="navigateToApplication" is-config="true" duration-ms="3517" started-at="2021-06-02T18:35:58Z" finished-at="2021-06-02T18:36:02Z">
          <reporter-output>
          </reporter-output>
        </test-method> <!-- navigateToApplication -->
        <test-method status="PASS" signature="validateFlightCities(java.lang.String, java.lang.String)[pri:2, instance:test.TestNGBlazeDemo@71318ec4]" name="validateFlightCities" duration-ms="1167" started-at="2021-06-02T18:36:02Z" finished-at="2021-06-02T18:36:03Z">
          <params>
            <param index="0">
              <value>
                <![CDATA[Paris]]>
              </value>
            </param>
            <param index="1">
              <value>
                <![CDATA[New York]]>
              </value>
            </param>
          </params>
          <reporter-output>
          </reporter-output>
        </test-method> <!-- validateFlightCities -->
        <test-method status="PASS" signature="quitDriver()[pri:0, instance:test.TestNGBlazeDemo@71318ec4]" name="quitDriver" is-config="true" duration-ms="710" started-at="2021-06-02T18:36:03Z" finished-at="2021-06-02T18:36:03Z">
          <reporter-output>
          </reporter-output>
        </test-method> <!-- quitDriver -->
        <test-method status="PASS" signature="navigateToApplication()[pri:0, instance:test.TestNGBlazeDemo@71318ec4]" name="navigateToApplication" is-config="true" duration-ms="3072" started-at="2021-06-02T18:36:03Z" finished-at="2021-06-02T18:36:06Z">
          <reporter-output>
          </reporter-output>
        </test-method> <!-- navigateToApplication -->
        <test-method status="PASS" signature="validateCheapFlightName(java.lang.String, java.lang.String)[pri:3, instance:test.TestNGBlazeDemo@71318ec4]" name="validateCheapFlightName" duration-ms="1255" started-at="2021-06-02T18:36:06Z" finished-at="2021-06-02T18:36:08Z">
          <params>
            <param index="0">
              <value>
                <![CDATA[Paris]]>
              </value>
            </param>
            <param index="1">
              <value>
                <![CDATA[New York]]>
              </value>
            </param>
          </params>
          <reporter-output>
          </reporter-output>
        </test-method> <!-- validateCheapFlightName -->
        <test-method status="PASS" signature="quitDriver()[pri:0, instance:test.TestNGBlazeDemo@71318ec4]" name="quitDriver" is-config="true" duration-ms="671" started-at="2021-06-02T18:36:08Z" finished-at="2021-06-02T18:36:08Z">
          <reporter-output>
          </reporter-output>
        </test-method> <!-- quitDriver -->
        <test-method status="PASS" signature="navigateToApplication()[pri:0, instance:test.TestNGBlazeDemo@71318ec4]" name="navigateToApplication" is-config="true" duration-ms="3349" started-at="2021-06-02T18:36:08Z" finished-at="2021-06-02T18:36:12Z">
          <reporter-output>
          </reporter-output>
        </test-method> <!-- navigateToApplication -->
        <test-method status="PASS" signature="validateExpensiveFlightName(java.lang.String, java.lang.String)[pri:3, instance:test.TestNGBlazeDemo@71318ec4]" name="validateExpensiveFlightName" duration-ms="1337" started-at="2021-06-02T18:36:12Z" finished-at="2021-06-02T18:36:13Z">
          <params>
            <param index="0">
              <value>
                <![CDATA[Boston]]>
              </value>
            </param>
            <param index="1">
              <value>
                <![CDATA[London]]>
              </value>
            </param>
          </params>
          <reporter-output>
          </reporter-output>
        </test-method> <!-- validateExpensiveFlightName -->
        <test-method status="PASS" signature="quitDriver()[pri:0, instance:test.TestNGBlazeDemo@71318ec4]" name="quitDriver" is-config="true" duration-ms="684" started-at="2021-06-02T18:36:13Z" finished-at="2021-06-02T18:36:14Z">
          <reporter-output>
          </reporter-output>
        </test-method> <!-- quitDriver -->
      </class> <!-- test.TestNGBlazeDemo -->
    </test> <!-- FlightBooking -->
  </suite> <!-- BlazeDemoScenarios -->
</testng-results>
